# JRE version: Java(TM) SE Runtime Environment (8.0_102-b14) (build 1.8.0_102-b14)
# Java VM: Java HotSpot(TM) 64-Bit Server VM (25.102-b14 mixed mode windows-amd64 compressed oops)
Heap:
 PSYoungGen      total 193536K, used 22554K [0x000000076b700000, 0x000000077ad80000, 0x00000007c0000000)
  eden space 175104K, 12% used [0x000000076b700000,0x000000076cd069a0,0x0000000776200000)
  from space 18432K, 0% used [0x0000000777300000,0x0000000777300000,0x0000000778500000)
  to   space 17408K, 0% used [0x0000000776200000,0x0000000776200000,0x0000000777300000)
 ParOldGen       total 201216K, used 18371K [0x00000006c2400000, 0x00000006ce880000, 0x000000076b700000)
  object space 201216K, 9% used [0x00000006c2400000,0x00000006c35f0c00,0x00000006ce880000)
 Metaspace       used 57958K, capacity 60812K, committed 61080K, reserved 1101824K
  class space    used 8062K, capacity 8529K, committed 8624K, reserved 1048576K
GC Heap History (10 events):
Event: 3.578 GC heap before
{Heap before GC invocations=7 (full 2):
 PSYoungGen      total 104448K, used 10199K [0x000000076b700000, 0x0000000775300000, 0x00000007c0000000)
  eden space 93696K, 0% used [0x000000076b700000,0x000000076b700000,0x0000000771280000)
  from space 10752K, 94% used [0x0000000771280000,0x0000000771c75d70,0x0000000771d00000)
  to   space 13824K, 0% used [0x0000000774580000,0x0000000774580000,0x0000000775300000)
 ParOldGen       total 107520K, used 10116K [0x00000006c2400000, 0x00000006c8d00000, 0x000000076b700000)
  object space 107520K, 9% used [0x00000006c2400000,0x00000006c2de1080,0x00000006c8d00000)
 Metaspace       used 33593K, capacity 35272K, committed 35496K, reserved 1079296K
  class space    used 4444K, capacity 4763K, committed 4784K, reserved 1048576K
Event: 3.626 GC heap after
Heap after GC invocations=7 (full 2):
 PSYoungGen      total 104448K, used 0K [0x000000076b700000, 0x0000000775300000, 0x00000007c0000000)
  eden space 93696K, 0% used [0x000000076b700000,0x000000076b700000,0x0000000771280000)
  from space 10752K, 0% used [0x0000000771280000,0x0000000771280000,0x0000000771d00000)
  to   space 13824K, 0% used [0x0000000774580000,0x0000000774580000,0x0000000775300000)
 ParOldGen       total 168960K, used 14504K [0x00000006c2400000, 0x00000006cc900000, 0x000000076b700000)
  object space 168960K, 8% used [0x00000006c2400000,0x00000006c322a380,0x00000006cc900000)
 Metaspace       used 33593K, capacity 35272K, committed 35496K, reserved 1079296K
  class space    used 4444K, capacity 4763K, committed 4784K, reserved 1048576K
}
Event: 4.625 GC heap before
{Heap before GC invocations=8 (full 2):
 PSYoungGen      total 104448K, used 93696K [0x000000076b700000, 0x0000000775300000, 0x00000007c0000000)
  eden space 93696K, 100% used [0x000000076b700000,0x0000000771280000,0x0000000771280000)
  from space 10752K, 0% used [0x0000000771280000,0x0000000771280000,0x0000000771d00000)
  to   space 13824K, 0% used [0x0000000774580000,0x0000000774580000,0x0000000775300000)
 ParOldGen       total 168960K, used 14504K [0x00000006c2400000, 0x00000006cc900000, 0x000000076b700000)
  object space 168960K, 8% used [0x00000006c2400000,0x00000006c322a380,0x00000006cc900000)
 Metaspace       used 44227K, capacity 46056K, committed 46376K, reserved 1089536K
  class space    used 6004K, capacity 6353K, committed 6448K, reserved 1048576K
Event: 4.634 GC heap after
Heap after GC invocations=8 (full 2):
 PSYoungGen      total 144384K, used 11808K [0x000000076b700000, 0x0000000775380000, 0x00000007c0000000)
  eden space 130560K, 0% used [0x000000076b700000,0x000000076b700000,0x0000000773680000)
  from space 13824K, 85% used [0x0000000774580000,0x0000000775108248,0x0000000775300000)
  to   space 14848K, 0% used [0x0000000773680000,0x0000000773680000,0x0000000774500000)
 ParOldGen       total 168960K, used 14512K [0x00000006c2400000, 0x00000006cc900000, 0x000000076b700000)
  object space 168960K, 8% used [0x00000006c2400000,0x00000006c322c380,0x00000006cc900000)
 Metaspace       used 44227K, capacity 46056K, committed 46376K, reserved 1089536K
  class space    used 6004K, capacity 6353K, committed 6448K, reserved 1048576K
}
Event: 18.773 GC heap before
{Heap before GC invocations=9 (full 2):
 PSYoungGen      total 144384K, used 142368K [0x000000076b700000, 0x0000000775380000, 0x00000007c0000000)
  eden space 130560K, 100% used [0x000000076b700000,0x0000000773680000,0x0000000773680000)
  from space 13824K, 85% used [0x0000000774580000,0x0000000775108248,0x0000000775300000)
  to   space 14848K, 0% used [0x0000000773680000,0x0000000773680000,0x0000000774500000)
 ParOldGen       total 168960K, used 14512K [0x00000006c2400000, 0x00000006cc900000, 0x000000076b700000)
  object space 168960K, 8% used [0x00000006c2400000,0x00000006c322c380,0x00000006cc900000)
 Metaspace       used 55548K, capacity 58316K, committed 58536K, reserved 1099776K
  class space    used 7624K, capacity 8081K, committed 8112K, reserved 1048576K
Event: 18.787 GC heap after
Heap after GC invocations=9 (full 2):
 PSYoungGen      total 145408K, used 14826K [0x000000076b700000, 0x0000000778500000, 0x00000007c0000000)
  eden space 130560K, 0% used [0x000000076b700000,0x000000076b700000,0x0000000773680000)
  from space 14848K, 99% used [0x0000000773680000,0x00000007744fabc0,0x0000000774500000)
  to   space 18432K, 0% used [0x0000000777300000,0x0000000777300000,0x0000000778500000)
 ParOldGen       total 168960K, used 17239K [0x00000006c2400000, 0x00000006cc900000, 0x000000076b700000)
  object space 168960K, 10% used [0x00000006c2400000,0x00000006c34d5c58,0x00000006cc900000)
 Metaspace       used 55548K, capacity 58316K, committed 58536K, reserved 1099776K
  class space    used 7624K, capacity 8081K, committed 8112K, reserved 1048576K
}
Event: 18.833 GC heap before
{Heap before GC invocations=10 (full 2):
 PSYoungGen      total 145408K, used 18891K [0x000000076b700000, 0x0000000778500000, 0x00000007c0000000)
  eden space 130560K, 3% used [0x000000076b700000,0x000000076baf8268,0x0000000773680000)
  from space 14848K, 99% used [0x0000000773680000,0x00000007744fabc0,0x0000000774500000)
  to   space 18432K, 0% used [0x0000000777300000,0x0000000777300000,0x0000000778500000)
 ParOldGen       total 168960K, used 17239K [0x00000006c2400000, 0x00000006cc900000, 0x000000076b700000)
  object space 168960K, 10% used [0x00000006c2400000,0x00000006c34d5c58,0x00000006cc900000)
 Metaspace       used 56155K, capacity 58956K, committed 59160K, reserved 1099776K
  class space    used 7682K, capacity 8145K, committed 8240K, reserved 1048576K
Event: 18.840 GC heap after
Heap after GC invocations=10 (full 2):
 PSYoungGen      total 193536K, used 9394K [0x000000076b700000, 0x000000077ad80000, 0x00000007c0000000)
  eden space 175104K, 0% used [0x000000076b700000,0x000000076b700000,0x0000000776200000)
  from space 18432K, 50% used [0x0000000777300000,0x0000000777c2c8e0,0x0000000778500000)
  to   space 17408K, 0% used [0x0000000776200000,0x0000000776200000,0x0000000777300000)
 ParOldGen       total 168960K, used 17247K [0x00000006c2400000, 0x00000006cc900000, 0x000000076b700000)
  object space 168960K, 10% used [0x00000006c2400000,0x00000006c34d7c58,0x00000006cc900000)
 Metaspace       used 56155K, capacity 58956K, committed 59160K, reserved 1099776K
  class space    used 7682K, capacity 8145K, committed 8240K, reserved 1048576K
}
Event: 18.840 GC heap before
{Heap before GC invocations=11 (full 3):
 PSYoungGen      total 193536K, used 9394K [0x000000076b700000, 0x000000077ad80000, 0x00000007c0000000)
  eden space 175104K, 0% used [0x000000076b700000,0x000000076b700000,0x0000000776200000)
  from space 18432K, 50% used [0x0000000777300000,0x0000000777c2c8e0,0x0000000778500000)
  to   space 17408K, 0% used [0x0000000776200000,0x0000000776200000,0x0000000777300000)
 ParOldGen       total 168960K, used 17247K [0x00000006c2400000, 0x00000006cc900000, 0x000000076b700000)
  object space 168960K, 10% used [0x00000006c2400000,0x00000006c34d7c58,0x00000006cc900000)
 Metaspace       used 56155K, capacity 58956K, committed 59160K, reserved 1099776K
  class space    used 7682K, capacity 8145K, committed 8240K, reserved 1048576K
Event: 18.956 GC heap after
Heap after GC invocations=11 (full 3):
 PSYoungGen      total 193536K, used 0K [0x000000076b700000, 0x000000077ad80000, 0x00000007c0000000)
  eden space 175104K, 0% used [0x000000076b700000,0x000000076b700000,0x0000000776200000)
  from space 18432K, 0% used [0x0000000777300000,0x0000000777300000,0x0000000778500000)
  to   space 17408K, 0% used [0x0000000776200000,0x0000000776200000,0x0000000777300000)
 ParOldGen       total 201216K, used 18371K [0x00000006c2400000, 0x00000006ce880000, 0x000000076b700000)
  object space 201216K, 9% used [0x00000006c2400000,0x00000006c35f0c00,0x00000006ce880000)
 Metaspace       used 56155K, capacity 58956K, committed 59160K, reserved 1099776K
  class space    used 7682K, capacity 8145K, committed 8240K, reserved 1048576K
}

